<?xml version="1.0" encoding="UTF-8"?>
<!-- Generated by org.testng.reporters.JUnitXMLReporter -->
<testsuite ignored="0" hostname="DESKTOP-LUMPAHN" failures="1" tests="1" name="Command line test" time="18.979" errors="0" timestamp="2023-06-19T21:40:13 UYT">
  <testcase classname="Tests.ListsWebE" name="ListInputs" time="0.052">
    <failure type="java.lang.AssertionError" message="expected [true] but found [false]">
      <![CDATA[java.lang.AssertionError: expected [true] but found [false]
at Tests.ListsWebE.ListInputs(ListsWebE.java:44)
at java.base/java.util.ArrayList.forEach(ArrayList.java:1511)
... Removed 36 stack frames]]>
    </failure>
  </testcase> <!-- ListInputs -->
</testsuite> <!-- Command line test -->
