<?xml version="1.0" encoding="UTF-8"?>
<!-- Generated by org.testng.reporters.JUnitXMLReporter -->
<testsuite ignored="0" hostname="DESKTOP-LUMPAHN" failures="1" tests="1" name="Command line test" time="40.696" errors="0" timestamp="2023-06-20T19:11:42 UYT">
  <testcase classname="Tests.TestReservation" name="TestReservation" time="9.494">
    <failure type="java.lang.AssertionError" message="expected [true] but found [false]">
      <![CDATA[java.lang.AssertionError: expected [true] but found [false]
at Tests.TestReservation.TestReservation(TestReservation.java:39)
at java.base/java.util.ArrayList.forEach(ArrayList.java:1511)
... Removed 36 stack frames]]>
    </failure>
  </testcase> <!-- TestReservation -->
</testsuite> <!-- Command line test -->
