<?xml version="1.0" encoding="UTF-8"?>
<testng-results ignored="0" total="1" passed="1" failed="0" skipped="0">
  <reporter-output>
  </reporter-output>
  <suite started-at="2023-06-21T13:22:50 UYT" name="Tests.TestReservation" finished-at="2023-06-21T13:23:36 UYT" duration-ms="46223">
    <groups>
    </groups>
    <test started-at="2023-06-21T13:22:50 UYT" name="Command line test" finished-at="2023-06-21T13:23:36 UYT" duration-ms="46223">
      <class name="Tests.TestReservation">
        <test-method is-config="true" signature="setUpClass()[pri:0, instance:Tests.TestReservation@7ff95560]" started-at="2023-06-21T13:22:50 UYT" name="setUpClass" finished-at="2023-06-21T13:23:22 UYT" duration-ms="31799" status="PASS">
          <reporter-output>
          </reporter-output>
        </test-method> <!-- setUpClass -->
        <test-method signature="TestReservation()[pri:0, instance:Tests.TestReservation@7ff95560]" started-at="2023-06-21T13:23:22 UYT" name="TestReservation" finished-at="2023-06-21T13:23:36 UYT" duration-ms="13808" status="PASS">
          <reporter-output>
          </reporter-output>
        </test-method> <!-- TestReservation -->
        <test-method is-config="true" signature="tearDownClass()[pri:0, instance:Tests.TestReservation@7ff95560]" started-at="2023-06-21T13:23:36 UYT" name="tearDownClass" finished-at="2023-06-21T13:23:36 UYT" duration-ms="529" status="PASS">
          <reporter-output>
          </reporter-output>
        </test-method> <!-- tearDownClass -->
      </class> <!-- Tests.TestReservation -->
    </test> <!-- Command line test -->
  </suite> <!-- Tests.TestReservation -->
</testng-results>
